[INFO] Scanning for projects...
[WARNING] 
[WARNING] Some problems were encountered while building the effective model for com.towne:hessian:war:0.0.1-SNAPSHOT
[WARNING] 'build.plugins.plugin.version' for org.mortbay.jetty:maven-jetty-plugin is missing. @ line 89, column 17
[WARNING] 'build.plugins.plugin.version' for org.apache.maven.plugins:maven-compiler-plugin is missing. @ line 81, column 17
[WARNING] 
[WARNING] It is highly recommended to fix these problems because they threaten the stability of your build.
[WARNING] 
[WARNING] For this reason, future Maven versions might no longer support building such malformed projects.
[WARNING] 
[INFO]                                                                         
[INFO] ------------------------------------------------------------------------
[INFO] Building hessian Maven Webapp 0.0.1-SNAPSHOT
[INFO] ------------------------------------------------------------------------
[INFO] 
[INFO] --- maven-dependency-plugin:2.1:tree (default-cli) @ hessian ---
[INFO] com.towne:hessian:war:0.0.1-SNAPSHOT
[INFO] +- junit:junit:jar:4.8.2:compile
[INFO] +- org.springframework:spring-core:jar:3.1.1.RELEASE:compile
[INFO] |  +- org.springframework:spring-asm:jar:3.1.1.RELEASE:compile
[INFO] |  \- commons-logging:commons-logging:jar:1.1.1:compile
[INFO] +- org.springframework:spring-beans:jar:3.1.1.RELEASE:compile
[INFO] +- org.springframework:spring-context:jar:3.1.1.RELEASE:compile
[INFO] |  +- org.springframework:spring-aop:jar:3.1.1.RELEASE:compile
[INFO] |  \- org.springframework:spring-expression:jar:3.1.1.RELEASE:compile
[INFO] +- org.springframework:spring-web:jar:3.1.1.RELEASE:compile
[INFO] |  \- aopalliance:aopalliance:jar:1.0:compile
[INFO] +- org.springframework:spring-webmvc:jar:3.1.1.RELEASE:compile
[INFO] |  \- org.springframework:spring-context-support:jar:3.1.1.RELEASE:compile
[INFO] +- org.springframework:spring-orm:jar:3.1.1.RELEASE:compile
[INFO] |  +- org.springframework:spring-jdbc:jar:3.1.1.RELEASE:compile
[INFO] |  \- org.springframework:spring-tx:jar:3.1.1.RELEASE:compile
[INFO] +- com.caucho:hessian:jar:4.0.7:compile
[INFO] +- javax.servlet:servlet-api:jar:2.5:provided
[INFO] +- javax.servlet.jsp:jsp-api:jar:2.1:provided
[INFO] \- log4j:log4j:jar:1.2.17:compile
[INFO] ------------------------------------------------------------------------
[INFO] BUILD SUCCESS
[INFO] ------------------------------------------------------------------------
[INFO] Total time: 5.093s
[INFO] Finished at: Thu Jul 11 15:08:54 CST 2013
[INFO] Final Memory: 6M/81M
[INFO] ------------------------------------------------------------------------
